2025-12-07 10:11:55,247 [INFO] WebApp:194 - Connection lost
2025-12-07 10:12:30,138 [INFO] WebApp:191 - Connection restablished
2025-12-07 10:12:47,036 [INFO] WebApp:194 - Connection lost
2025-12-07 10:12:47,562 [INFO] WebApp:191 - Connection restablished
2025-12-07 10:35:35,197 [INFO] UtilMem:75 - End SaveConfig() Used Memory: 899644296 Bytes (1073741824)
2025-12-07 10:37:04,263 [INFO] UtilMem:75 - End SaveConfig() Used Memory: 902272576 Bytes (1073741824)
2025-12-07 10:37:22,831 [INFO] BlockDiagram:2775 - set Specific Code input for plugin: LTDC
2025-12-07 10:37:22,831 [INFO] BlockDiagram:2775 - set Specific Code input for plugin: PWR
2025-12-07 10:37:22,832 [INFO] BlockDiagram:2775 - set Specific Code input for plugin: RCC
2025-12-07 10:37:22,832 [INFO] BlockDiagram:2775 - set Specific Code input for plugin: I2C
2025-12-07 10:37:22,832 [INFO] BlockDiagram:2775 - set Specific Code input for plugin: I2C
2025-12-07 10:37:22,833 [INFO] BlockDiagram:2775 - set Specific Code input for plugin: SDMMC
2025-12-07 10:37:22,833 [INFO] BlockDiagram:2775 - set Specific Code input for plugin: I2C
2025-12-07 10:37:22,833 [INFO] BlockDiagram:2775 - set Specific Code input for plugin: DCMIPP
2025-12-07 10:37:22,834 [INFO] BlockDiagram:2775 - set Specific Code input for plugin: USART
2025-12-07 10:37:22,834 [INFO] BlockDiagram:2775 - set Specific Code input for plugin: PCIE
2025-12-07 10:37:22,834 [INFO] BlockDiagram:2775 - set Specific Code input for plugin: STGEN
2025-12-07 10:37:22,834 [INFO] BlockDiagram:2775 - set Specific Code input for plugin: GIC
2025-12-07 10:37:22,834 [INFO] BlockDiagram:2775 - set Specific Code input for plugin: USB3DR
2025-12-07 10:37:22,834 [INFO] BlockDiagram:2775 - set Specific Code input for plugin: SYS
2025-12-07 10:37:22,834 [INFO] BlockDiagram:2775 - set Specific Code input for plugin: BSEC
2025-12-07 10:37:22,835 [INFO] BlockDiagram:2775 - set Specific Code input for plugin: DDR_CTRL_PHY
2025-12-07 10:37:22,835 [INFO] BlockDiagram:2775 - set Specific Code input for plugin: CORTEX_M33
2025-12-07 10:37:22,835 [INFO] BlockDiagram:2775 - set Specific Code input for plugin: CSI
2025-12-07 10:37:22,835 [INFO] BlockDiagram:2775 - set Specific Code input for plugin: NVIC2
2025-12-07 10:37:22,835 [INFO] BlockDiagram:2775 - set Specific Code input for plugin: VREFBUF
2025-12-07 10:37:22,839 [INFO] BlockDiagram:2775 - set Specific Code input for plugin: GPIO
2025-12-07 10:37:22,839 [INFO] BlockDiagram:2775 - set Specific Code input for plugin: RIF
2025-12-07 10:37:22,839 [INFO] BlockDiagram:2775 - set Specific Code input for plugin: ETH
2025-12-07 10:37:22,920 [INFO] CodeGenerator:892 - code generatio: config db path: C:\Program\ST\STM32CubeIDE\STM32CubeIDE\..\..\..\..\Users\danie\.eclipse\com.st.stm32cube.ide.mcu.rcp.product_1.18.1_566888382_win32_win32_x86_64\plugins\com.st.stm32cube.common.mx_6.15.0.202507011659\\db\
2025-12-07 10:37:23,423 [WARN] IP:2250 - HSync not found: check if there is a RefParameter without a condition.
2025-12-07 10:37:23,423 [WARN] IP:2250 - HBP not found: check if there is a RefParameter without a condition.
2025-12-07 10:37:23,423 [WARN] IP:2250 - ActiveW not found: check if there is a RefParameter without a condition.
2025-12-07 10:37:23,424 [WARN] IP:2250 - HFP not found: check if there is a RefParameter without a condition.
2025-12-07 10:37:23,424 [WARN] IP:2250 - HorizontalSync not found: check if there is a RefParameter without a condition.
2025-12-07 10:37:23,424 [WARN] IP:2250 - AccumulatedHBP not found: check if there is a RefParameter without a condition.
2025-12-07 10:37:23,424 [WARN] IP:2250 - AccumulatedActiveW not found: check if there is a RefParameter without a condition.
2025-12-07 10:37:23,424 [WARN] IP:2250 - TotalWidth not found: check if there is a RefParameter without a condition.
2025-12-07 10:37:23,424 [WARN] IP:2250 - VSync not found: check if there is a RefParameter without a condition.
2025-12-07 10:37:23,424 [WARN] IP:2250 - VBP not found: check if there is a RefParameter without a condition.
2025-12-07 10:37:23,424 [WARN] IP:2250 - ActiveH not found: check if there is a RefParameter without a condition.
2025-12-07 10:37:23,425 [WARN] IP:2250 - VFP not found: check if there is a RefParameter without a condition.
2025-12-07 10:37:23,425 [WARN] IP:2250 - VerticalSync not found: check if there is a RefParameter without a condition.
2025-12-07 10:37:23,425 [WARN] IP:2250 - AccumulatedVBP not found: check if there is a RefParameter without a condition.
2025-12-07 10:37:23,425 [WARN] IP:2250 - AccumulatedActiveH not found: check if there is a RefParameter without a condition.
2025-12-07 10:37:23,425 [WARN] IP:2250 - TotalHeigh not found: check if there is a RefParameter without a condition.
2025-12-07 10:37:23,425 [WARN] IP:2250 - HSPolarity not found: check if there is a RefParameter without a condition.
2025-12-07 10:37:23,425 [WARN] IP:2250 - VSPolarity not found: check if there is a RefParameter without a condition.
2025-12-07 10:37:23,425 [WARN] IP:2250 - DEPolarity not found: check if there is a RefParameter without a condition.
2025-12-07 10:37:23,425 [WARN] IP:2250 - PCPolarity not found: check if there is a RefParameter without a condition.
2025-12-07 10:37:23,425 [WARN] IP:2250 - Red not found: check if there is a RefParameter without a condition.
2025-12-07 10:37:23,426 [WARN] IP:2250 - Green not found: check if there is a RefParameter without a condition.
2025-12-07 10:37:23,426 [WARN] IP:2250 - Blue not found: check if there is a RefParameter without a condition.
2025-12-07 10:37:23,426 [WARN] IP:2250 - SFTrig not found: check if there is a RefParameter without a condition.
2025-12-07 10:37:23,426 [WARN] IP:2250 - SFExtTrig not found: check if there is a RefParameter without a condition.
2025-12-07 10:37:23,426 [WARN] IP:2250 - YCbCrOrder not found: check if there is a RefParameter without a condition.
2025-12-07 10:37:23,435 [WARN] IP:2250 - YCbCrSel not found: check if there is a RefParameter without a condition.
2025-12-07 10:37:23,435 [WARN] IP:2250 - YCbCrEn not found: check if there is a RefParameter without a condition.
2025-12-07 10:37:23,436 [WARN] IP:2250 - FifoUnderThresh not found: check if there is a RefParameter without a condition.
2025-12-07 10:37:23,436 [WARN] IP:2250 - Buffer0Addr not found: check if there is a RefParameter without a condition.
2025-12-07 10:37:23,436 [WARN] IP:2250 - Buffer1Addr not found: check if there is a RefParameter without a condition.
2025-12-07 10:37:23,436 [WARN] IP:2250 - BufferPitch not found: check if there is a RefParameter without a condition.
2025-12-07 10:37:23,436 [WARN] IP:2250 - InterFrameRed not found: check if there is a RefParameter without a condition.
2025-12-07 10:37:23,436 [WARN] IP:2250 - InterFrameGreen not found: check if there is a RefParameter without a condition.
2025-12-07 10:37:23,436 [WARN] IP:2250 - InterFrameBlue not found: check if there is a RefParameter without a condition.
2025-12-07 10:37:23,436 [WARN] IP:2250 - LayerIdx_L0 not found: check if there is a RefParameter without a condition.
2025-12-07 10:37:23,436 [WARN] IP:2250 - WindowX0_L0 not found: check if there is a RefParameter without a condition.
2025-12-07 10:37:23,436 [WARN] IP:2250 - WindowX1_L0 not found: check if there is a RefParameter without a condition.
2025-12-07 10:37:23,436 [WARN] IP:2250 - WindowY0_L0 not found: check if there is a RefParameter without a condition.
2025-12-07 10:37:23,436 [WARN] IP:2250 - WindowY1_L0 not found: check if there is a RefParameter without a condition.
2025-12-07 10:37:23,436 [WARN] IP:2250 - PixelFormat_L0 not found: check if there is a RefParameter without a condition.
2025-12-07 10:37:23,436 [WARN] IP:2250 - Alpha_L0 not found: check if there is a RefParameter without a condition.
2025-12-07 10:37:23,436 [WARN] IP:2250 - Alpha0_L0 not found: check if there is a RefParameter without a condition.
2025-12-07 10:37:23,436 [WARN] IP:2250 - BlendingFactor1_L0 not found: check if there is a RefParameter without a condition.
2025-12-07 10:37:23,436 [WARN] IP:2250 - BlendingFactor2_L0 not found: check if there is a RefParameter without a condition.
2025-12-07 10:37:23,436 [WARN] IP:2250 - BlendingOrder_L0 not found: check if there is a RefParameter without a condition.
2025-12-07 10:37:23,436 [WARN] IP:2250 - BurstLength_L0 not found: check if there is a RefParameter without a condition.
2025-12-07 10:37:23,438 [WARN] IP:2250 - FBStartAdress_L0 not found: check if there is a RefParameter without a condition.
2025-12-07 10:37:23,438 [WARN] IP:2250 - ImageWidth_L0 not found: check if there is a RefParameter without a condition.
2025-12-07 10:37:23,438 [WARN] IP:2250 - ImageHeight_L0 not found: check if there is a RefParameter without a condition.
2025-12-07 10:37:23,438 [WARN] IP:2250 - StartAddressBuffer0_L0 not found: check if there is a RefParameter without a condition.
2025-12-07 10:37:23,438 [WARN] IP:2250 - StartAddressBuffer1_L0 not found: check if there is a RefParameter without a condition.
2025-12-07 10:37:23,438 [WARN] IP:2250 - FrameBufferPich_L0 not found: check if there is a RefParameter without a condition.
2025-12-07 10:37:23,438 [WARN] IP:2250 - FrameBufferLineLength_L0 not found: check if there is a RefParameter without a condition.
2025-12-07 10:37:23,438 [WARN] IP:2250 - BufferLineNumber_L0 not found: check if there is a RefParameter without a condition.
2025-12-07 10:37:23,438 [WARN] IP:2250 - HorInputSize_L0 not found: check if there is a RefParameter without a condition.
2025-12-07 10:37:23,438 [WARN] IP:2250 - VerInputSize_L0 not found: check if there is a RefParameter without a condition.
2025-12-07 10:37:23,438 [WARN] IP:2250 - HorOutputSize_L0 not found: check if there is a RefParameter without a condition.
2025-12-07 10:37:23,438 [WARN] IP:2250 - VerOutputSize_L0 not found: check if there is a RefParameter without a condition.
2025-12-07 10:37:23,438 [WARN] IP:2250 - Enable_L0 not found: check if there is a RefParameter without a condition.
2025-12-07 10:37:23,438 [WARN] IP:2250 - Blue_L0 not found: check if there is a RefParameter without a condition.
2025-12-07 10:37:23,439 [WARN] IP:2250 - Green_L0 not found: check if there is a RefParameter without a condition.
2025-12-07 10:37:23,439 [WARN] IP:2250 - Red_L0 not found: check if there is a RefParameter without a condition.
2025-12-07 10:37:23,439 [WARN] IP:2250 - LayerIdx_L1 not found: check if there is a RefParameter without a condition.
2025-12-07 10:37:23,439 [WARN] IP:2250 - WindowX0_L1 not found: check if there is a RefParameter without a condition.
2025-12-07 10:37:23,439 [WARN] IP:2250 - WindowX1_L1 not found: check if there is a RefParameter without a condition.
2025-12-07 10:37:23,439 [WARN] IP:2250 - WindowY0_L1 not found: check if there is a RefParameter without a condition.
2025-12-07 10:37:23,439 [WARN] IP:2250 - WindowY1_L1 not found: check if there is a RefParameter without a condition.
2025-12-07 10:37:23,439 [WARN] IP:2250 - PixelFormat_L1 not found: check if there is a RefParameter without a condition.
2025-12-07 10:37:23,439 [WARN] IP:2250 - Alpha_L1 not found: check if there is a RefParameter without a condition.
2025-12-07 10:37:23,439 [WARN] IP:2250 - Alpha0_L1 not found: check if there is a RefParameter without a condition.
2025-12-07 10:37:23,439 [WARN] IP:2250 - BlendingFactor1_L1 not found: check if there is a RefParameter without a condition.
2025-12-07 10:37:23,440 [WARN] IP:2250 - BlendingFactor2_L1 not found: check if there is a RefParameter without a condition.
2025-12-07 10:37:23,440 [WARN] IP:2250 - BlendingOrder_L1 not found: check if there is a RefParameter without a condition.
2025-12-07 10:37:23,440 [WARN] IP:2250 - BurstLength_L1 not found: check if there is a RefParameter without a condition.
2025-12-07 10:37:23,440 [WARN] IP:2250 - StartAddressBuffer0_L1 not found: check if there is a RefParameter without a condition.
2025-12-07 10:37:23,440 [WARN] IP:2250 - StartAddressBuffer1_L1 not found: check if there is a RefParameter without a condition.
2025-12-07 10:37:23,440 [WARN] IP:2250 - FrameBufferPich_L1 not found: check if there is a RefParameter without a condition.
2025-12-07 10:37:23,440 [WARN] IP:2250 - FrameBufferLineLength_L1 not found: check if there is a RefParameter without a condition.
2025-12-07 10:37:23,440 [WARN] IP:2250 - BufferLineNumber_L1 not found: check if there is a RefParameter without a condition.
2025-12-07 10:37:23,441 [WARN] IP:2250 - HorInputSize_L1 not found: check if there is a RefParameter without a condition.
2025-12-07 10:37:23,441 [WARN] IP:2250 - VerInputSize_L1 not found: check if there is a RefParameter without a condition.
2025-12-07 10:37:23,441 [WARN] IP:2250 - HorOutputSize_L1 not found: check if there is a RefParameter without a condition.
2025-12-07 10:37:23,446 [WARN] IP:2250 - VerOutputSize_L1 not found: check if there is a RefParameter without a condition.
2025-12-07 10:37:23,446 [WARN] IP:2250 - Enable_L1 not found: check if there is a RefParameter without a condition.
2025-12-07 10:37:23,448 [WARN] IP:2250 - FBStartAdress_L1 not found: check if there is a RefParameter without a condition.
2025-12-07 10:37:23,448 [WARN] IP:2250 - ImageWidth_L1 not found: check if there is a RefParameter without a condition.
2025-12-07 10:37:23,448 [WARN] IP:2250 - ImageHeight_L1 not found: check if there is a RefParameter without a condition.
2025-12-07 10:37:23,448 [WARN] IP:2250 - Blue_L1 not found: check if there is a RefParameter without a condition.
2025-12-07 10:37:23,448 [WARN] IP:2250 - Green_L1 not found: check if there is a RefParameter without a condition.
2025-12-07 10:37:23,448 [WARN] IP:2250 - Red_L1 not found: check if there is a RefParameter without a condition.
2025-12-07 10:37:23,454 [WARN] IP:2250 - LayerIdx_L2 not found: check if there is a RefParameter without a condition.
2025-12-07 10:37:23,454 [WARN] IP:2250 - WindowX0_L2 not found: check if there is a RefParameter without a condition.
2025-12-07 10:37:23,455 [WARN] IP:2250 - WindowX1_L2 not found: check if there is a RefParameter without a condition.
2025-12-07 10:37:23,455 [WARN] IP:2250 - WindowY0_L2 not found: check if there is a RefParameter without a condition.
2025-12-07 10:37:23,465 [WARN] IP:2250 - WindowY1_L2 not found: check if there is a RefParameter without a condition.
2025-12-07 10:37:23,466 [WARN] IP:2250 - PixelFormat_L2 not found: check if there is a RefParameter without a condition.
2025-12-07 10:37:23,466 [WARN] IP:2250 - Alpha_L2 not found: check if there is a RefParameter without a condition.
2025-12-07 10:37:23,466 [WARN] IP:2250 - Alpha0_L2 not found: check if there is a RefParameter without a condition.
2025-12-07 10:37:23,466 [WARN] IP:2250 - BlendingFactor1_L2 not found: check if there is a RefParameter without a condition.
2025-12-07 10:37:23,466 [WARN] IP:2250 - BlendingFactor2_L2 not found: check if there is a RefParameter without a condition.
2025-12-07 10:37:23,466 [WARN] IP:2250 - BlendingOrder_L2 not found: check if there is a RefParameter without a condition.
2025-12-07 10:37:23,466 [WARN] IP:2250 - BurstLength_L2 not found: check if there is a RefParameter without a condition.
2025-12-07 10:37:23,466 [WARN] IP:2250 - StartAddressBuffer0_L2 not found: check if there is a RefParameter without a condition.
2025-12-07 10:37:23,467 [WARN] IP:2250 - StartAddressBuffer1_L2 not found: check if there is a RefParameter without a condition.
2025-12-07 10:37:23,467 [WARN] IP:2250 - FrameBufferPich_L2 not found: check if there is a RefParameter without a condition.
2025-12-07 10:37:23,467 [WARN] IP:2250 - FrameBufferLineLength_L2 not found: check if there is a RefParameter without a condition.
2025-12-07 10:37:23,467 [WARN] IP:2250 - BufferLineNumber_L2 not found: check if there is a RefParameter without a condition.
2025-12-07 10:37:23,467 [WARN] IP:2250 - HorInputSize_L2 not found: check if there is a RefParameter without a condition.
2025-12-07 10:37:23,467 [WARN] IP:2250 - VerInputSize_L2 not found: check if there is a RefParameter without a condition.
2025-12-07 10:37:23,467 [WARN] IP:2250 - HorOutputSize_L2 not found: check if there is a RefParameter without a condition.
2025-12-07 10:37:23,467 [WARN] IP:2250 - VerOutputSize_L2 not found: check if there is a RefParameter without a condition.
2025-12-07 10:37:23,467 [WARN] IP:2250 - Enable_L2 not found: check if there is a RefParameter without a condition.
2025-12-07 10:37:23,467 [WARN] IP:2250 - FBStartAdress_L2 not found: check if there is a RefParameter without a condition.
2025-12-07 10:37:23,467 [WARN] IP:2250 - ImageWidth_L2 not found: check if there is a RefParameter without a condition.
2025-12-07 10:37:23,467 [WARN] IP:2250 - ImageHeight_L2 not found: check if there is a RefParameter without a condition.
2025-12-07 10:37:23,467 [WARN] IP:2250 - Blue_L2 not found: check if there is a RefParameter without a condition.
2025-12-07 10:37:23,469 [WARN] IP:2250 - Green_L2 not found: check if there is a RefParameter without a condition.
2025-12-07 10:37:23,469 [WARN] IP:2250 - Red_L2 not found: check if there is a RefParameter without a condition.
2025-12-07 10:37:23,554 [WARN] IP:2250 - XBAR59CLKSourceARGTF not found: check if there is a RefParameter without a condition.
2025-12-07 10:37:25,657 [INFO] DdrService:387 - [DDR SERVICE(MCU)] Computed DDR Size = 0x100000000
2025-12-07 10:37:25,657 [INFO] DdrService:387 - [DDR SERVICE(MCU)] Computed DDR Size = 0x100000000
2025-12-07 10:37:25,657 [INFO] DdrService:387 - [DDR SERVICE(MCU)] Computed DDR Size = 0x100000000
2025-12-07 10:37:25,657 [INFO] DdrService:387 - [DDR SERVICE(MCU)] Computed DDR Size = 0x100000000
2025-12-07 10:37:27,860 [INFO] CodeGenerator:1619 - *******************Project context A35 ROM selected
2025-12-07 10:37:27,861 [INFO] CodeGenerator:1619 - *******************Project context A35S selected
2025-12-07 10:37:27,861 [INFO] CodeGenerator:1619 - *******************Project context A35S selected
2025-12-07 10:37:27,861 [INFO] CodeGenerator:1619 - *******************Project context A35NS selected
2025-12-07 10:37:27,861 [INFO] CodeGenerator:1619 - *******************Project context A35NS selected
2025-12-07 10:37:27,861 [INFO] CodeGenerator:1619 - *******************Project context M33NS selected
2025-12-07 10:37:29,638 [INFO] CodeEngine:265 - oldGeneratedFile, C:\Users\danie\Documents\GitHub\Watermelon-Wine-Zero-1A\firmware\MXTmpFiles\license.tmp_save
2025-12-07 10:37:34,641 [INFO] CodeEngine:289 - Generated code: C:\Users\danie\Documents\GitHub\Watermelon-Wine-Zero-1A\firmware\MXTmpFiles\license.tmp
2025-12-07 10:37:34,910 [WARN] IPConfigManager:103 - WARNING: Missing Config File for NVIC2 ip!!
2025-12-07 10:37:36,163 [INFO] CodeEngine:265 - oldGeneratedFile, C:\Users\danie\Documents\GitHub\Watermelon-Wine-Zero-1A\firmware\CM33\Core\Src\stm32mp2xx_it.c_save
2025-12-07 10:37:37,006 [INFO] CodeEngine:289 - Generated code: C:\Users\danie\Documents\GitHub\Watermelon-Wine-Zero-1A\firmware\CM33\Core\Src\stm32mp2xx_it.c
2025-12-07 10:37:37,038 [INFO] CodeEngine:265 - oldGeneratedFile, C:\Users\danie\Documents\GitHub\Watermelon-Wine-Zero-1A\firmware\CM33\Core\Inc\stm32mp2xx_it.h_save
2025-12-07 10:37:37,399 [INFO] CodeEngine:289 - Generated code: C:\Users\danie\Documents\GitHub\Watermelon-Wine-Zero-1A\firmware\CM33\Core\Inc\stm32mp2xx_it.h
2025-12-07 10:37:37,769 [INFO] CodeEngine:265 - oldGeneratedFile, C:\Users\danie\Documents\GitHub\Watermelon-Wine-Zero-1A\firmware\CM33\Core\Src\stm32mp2xx_hal_msp.c_save
2025-12-07 10:37:38,082 [INFO] CodeEngine:289 - Generated code: C:\Users\danie\Documents\GitHub\Watermelon-Wine-Zero-1A\firmware\CM33\Core\Src\stm32mp2xx_hal_msp.c
2025-12-07 10:37:38,106 [INFO] CodeEngine:265 - oldGeneratedFile, C:\Users\danie\Documents\GitHub\Watermelon-Wine-Zero-1A\firmware\CM33\MXTmpFiles\system.tmp_save
2025-12-07 10:37:38,217 [INFO] CodeEngine:289 - Generated code: C:\Users\danie\Documents\GitHub\Watermelon-Wine-Zero-1A\firmware\CM33\MXTmpFiles\system.tmp
2025-12-07 10:37:38,350 [INFO] CodeEngine:321 - oldGeneratedFile, C:\Users\danie\Documents\GitHub\Watermelon-Wine-Zero-1A\firmware\CM33\Core\Inc\stm32mp2xx_hal_conf.h_save
2025-12-07 10:37:38,513 [INFO] CodeEngine:345 - Generated code: C:\Users\danie\Documents\GitHub\Watermelon-Wine-Zero-1A\firmware\CM33\Core\Inc\stm32mp2xx_hal_conf.h
2025-12-07 10:37:38,795 [INFO] ApiDbMcu:532 - Load IP Config File for RCC
2025-12-07 10:37:38,836 [WARN] IPConfigManager:3811 - IP not found : NVIC
2025-12-07 10:37:38,907 [WARN] CodeGenerator:4259 - IP not found : null
2025-12-07 10:37:38,957 [INFO] CodeEngine:265 - oldGeneratedFile, C:\Users\danie\Documents\GitHub\Watermelon-Wine-Zero-1A\firmware\CM33\Core\Inc\main.h_save
2025-12-07 10:37:39,323 [INFO] CodeEngine:289 - Generated code: C:\Users\danie\Documents\GitHub\Watermelon-Wine-Zero-1A\firmware\CM33\Core\Inc\main.h
2025-12-07 10:37:39,385 [INFO] CodeEngine:265 - oldGeneratedFile, C:\Users\danie\Documents\GitHub\Watermelon-Wine-Zero-1A\firmware\CM33\Core\Src\main.c_save
2025-12-07 10:37:39,666 [INFO] CodeEngine:289 - Generated code: C:\Users\danie\Documents\GitHub\Watermelon-Wine-Zero-1A\firmware\CM33\Core\Src\main.c
2025-12-07 10:37:39,842 [INFO] DTGenerator:243 - 

>>> DTGen : IN

2025-12-07 10:37:41,131 [INFO] GenProcessManager:166 - 
2025-12-07 10:37:41,132 [INFO] GenProcessManager:167 - Launching process: IncFile

2025-12-07 10:37:41,132 [INFO] GenerationProcess:393 - 

GenProcess for OUTPUT : processName=IncFile - Output=optee-os
=======================

2025-12-07 10:37:41,199 [INFO] CodeEngine:265 - oldGeneratedFile, C:\Users\danie\Documents\GitHub\Watermelon-Wine-Zero-1A\firmware\CA35\DeviceTree\firmware\optee-os\..\..\..\..\firmware.inc_save
2025-12-07 10:37:41,821 [INFO] CodeEngine:289 - Generated code: C:\Users\danie\Documents\GitHub\Watermelon-Wine-Zero-1A\firmware\CA35\DeviceTree\firmware\optee-os\..\..\..\..\firmware.inc
2025-12-07 10:37:41,825 [INFO] GenProcessManager:166 - 
2025-12-07 10:37:41,825 [INFO] GenProcessManager:167 - Launching process: kernel-dtsBind

2025-12-07 10:37:41,825 [INFO] GenerationProcess:393 - 

GenProcess for OUTPUT : processName=kernel-dtsBind - Output=kernel
=======================

2025-12-07 10:37:41,826 [INFO] GenProcessDtsBind:272 -   >>> FW bind process - processName=kernel-dtsBind - FW=LINUX - matchingCtxt=CortexA35NSOS

2025-12-07 10:37:42,075 [INFO] CodeEngine:265 - oldGeneratedFile, C:\Users\danie\Documents\GitHub\Watermelon-Wine-Zero-1A\firmware\CA35\DeviceTree\firmware\kernel\stm32mp257f-firmware-mx.dts_save
2025-12-07 10:37:43,527 [INFO] CodeEngine:289 - Generated code: C:\Users\danie\Documents\GitHub\Watermelon-Wine-Zero-1A\firmware\CA35\DeviceTree\firmware\kernel\stm32mp257f-firmware-mx.dts
2025-12-07 10:37:43,564 [INFO] GenProcessManager:166 - 
2025-12-07 10:37:43,564 [INFO] GenProcessManager:167 - Launching process: resmem-kernel-dtsBind

2025-12-07 10:37:43,564 [INFO] GenerationProcess:393 - 

GenProcess for OUTPUT : processName=optee-resmem-dtsBind - Output=kernel
=======================

2025-12-07 10:37:43,565 [INFO] GenerationProcess:393 - 

GenProcess for OUTPUT : processName=optee-resmem-dtsBind - Output=u-boot
=======================

2025-12-07 10:37:43,566 [INFO] GenProcessDtsBind:272 -   >>> FW bind process - processName=optee-resmem-dtsBind - FW=LINUX - matchingCtxt=

2025-12-07 10:37:43,609 [INFO] CodeEngine:265 - oldGeneratedFile, C:\Users\danie\Documents\GitHub\Watermelon-Wine-Zero-1A\firmware\CA35\DeviceTree\firmware\kernel\stm32mp257f-firmware-mx-resmem.dtsi_save
2025-12-07 10:37:43,886 [INFO] CodeEngine:289 - Generated code: C:\Users\danie\Documents\GitHub\Watermelon-Wine-Zero-1A\firmware\CA35\DeviceTree\firmware\kernel\stm32mp257f-firmware-mx-resmem.dtsi
2025-12-07 10:37:43,927 [INFO] GenProcessManager:166 - 
2025-12-07 10:37:43,927 [INFO] GenProcessManager:167 - Launching process: uboot-dtsBind

2025-12-07 10:37:43,928 [INFO] GenerationProcess:393 - 

GenProcess for OUTPUT : processName=uboot-dtsBind - Output=u-boot
=======================

2025-12-07 10:37:43,928 [INFO] GenProcessDtsBind:272 -   >>> FW bind process - processName=uboot-dtsBind - FW=U-BOOT - matchingCtxt=CortexA35NSSSBL

2025-12-07 10:37:44,095 [INFO] CodeEngine:265 - oldGeneratedFile, C:\Users\danie\Documents\GitHub\Watermelon-Wine-Zero-1A\firmware\CA35\DeviceTree\firmware\u-boot\stm32mp257f-firmware-mx.dts_save
2025-12-07 10:37:44,292 [INFO] CodeEngine:289 - Generated code: C:\Users\danie\Documents\GitHub\Watermelon-Wine-Zero-1A\firmware\CA35\DeviceTree\firmware\u-boot\stm32mp257f-firmware-mx.dts
2025-12-07 10:37:44,296 [INFO] GenProcessManager:166 - 
2025-12-07 10:37:44,297 [INFO] GenProcessManager:167 - Launching process: uboot-dtsiBind

2025-12-07 10:37:44,297 [INFO] GenerationProcess:393 - 

GenProcess for OUTPUT : processName=uboot-dtsiBind - Output=u-boot
=======================

2025-12-07 10:37:44,297 [INFO] GenProcessDtsBind:272 -   >>> FW bind process - processName=uboot-dtsiBind - FW=U-BOOT - matchingCtxt=

2025-12-07 10:37:44,322 [INFO] CodeEngine:265 - oldGeneratedFile, C:\Users\danie\Documents\GitHub\Watermelon-Wine-Zero-1A\firmware\CA35\DeviceTree\firmware\u-boot\stm32mp257f-firmware-mx-u-boot.dtsi_save
2025-12-07 10:37:44,547 [INFO] CodeEngine:289 - Generated code: C:\Users\danie\Documents\GitHub\Watermelon-Wine-Zero-1A\firmware\CA35\DeviceTree\firmware\u-boot\stm32mp257f-firmware-mx-u-boot.dtsi
2025-12-07 10:37:44,547 [INFO] GenProcessManager:166 - 
2025-12-07 10:37:44,547 [INFO] GenProcessManager:167 - Launching process: tfa-ddrConfigGen

2025-12-07 10:37:44,547 [INFO] GenerationProcess:393 - 

GenProcess for OUTPUT : processName=tfa-ddrConfigGen - Output=tf-a
=======================

2025-12-07 10:37:44,584 [INFO] DdrService:387 - [DDR SERVICE(MCU)] Computed DDR Size = 0x100000000
2025-12-07 10:37:44,625 [INFO] GenProcessManager:166 - 
2025-12-07 10:37:44,625 [INFO] GenProcessManager:167 - Launching process: MakeFileKernel

2025-12-07 10:37:44,625 [INFO] GenerationProcess:393 - 

GenProcess for OUTPUT : processName=MakeFileKernel - Output=kernel
=======================

2025-12-07 10:37:44,644 [INFO] CodeEngine:265 - oldGeneratedFile, C:\Users\danie\Documents\GitHub\Watermelon-Wine-Zero-1A\firmware\CA35\DeviceTree\firmware\kernel\Makefile_save
2025-12-07 10:37:44,854 [INFO] CodeEngine:289 - Generated code: C:\Users\danie\Documents\GitHub\Watermelon-Wine-Zero-1A\firmware\CA35\DeviceTree\firmware\kernel\Makefile
2025-12-07 10:37:44,864 [INFO] GenProcessManager:166 - 
2025-12-07 10:37:44,864 [INFO] GenProcessManager:167 - Launching process: MakeFileU-BOOT

2025-12-07 10:37:44,864 [INFO] GenerationProcess:393 - 

GenProcess for OUTPUT : processName=MakeFileU-BOOT - Output=u-boot
=======================

2025-12-07 10:37:44,889 [INFO] CodeEngine:265 - oldGeneratedFile, C:\Users\danie\Documents\GitHub\Watermelon-Wine-Zero-1A\firmware\CA35\DeviceTree\firmware\u-boot\Makefile_save
2025-12-07 10:37:44,981 [INFO] CodeEngine:289 - Generated code: C:\Users\danie\Documents\GitHub\Watermelon-Wine-Zero-1A\firmware\CA35\DeviceTree\firmware\u-boot\Makefile
2025-12-07 10:37:44,985 [INFO] GenProcessManager:166 - 
2025-12-07 10:37:44,985 [INFO] GenProcessManager:167 - Launching process: ConfMk

2025-12-07 10:37:44,985 [INFO] GenerationProcess:393 - 

GenProcess for OUTPUT : processName=ConfMk - Output=optee-os
=======================

2025-12-07 10:37:45,050 [INFO] CodeEngine:265 - oldGeneratedFile, C:\Users\danie\Documents\GitHub\Watermelon-Wine-Zero-1A\firmware\CA35\DeviceTree\firmware\optee-os\conf.mk_save
2025-12-07 10:37:45,249 [INFO] CodeEngine:289 - Generated code: C:\Users\danie\Documents\GitHub\Watermelon-Wine-Zero-1A\firmware\CA35\DeviceTree\firmware\optee-os\conf.mk
2025-12-07 10:37:45,252 [INFO] GenProcessManager:166 - 
2025-12-07 10:37:45,252 [INFO] GenProcessManager:167 - Launching process: tfa-dtsBind

2025-12-07 10:37:45,254 [INFO] GenerationProcess:393 - 

GenProcess for OUTPUT : processName=tfa-dtsBind - Output=tf-a
=======================

2025-12-07 10:37:45,254 [INFO] GenProcessDtsBind:272 -   >>> FW bind process - processName=tfa-dtsBind - FW=TF-A - matchingCtxt=CortexA35SFSBLA

2025-12-07 10:37:45,306 [INFO] CodeEngine:265 - oldGeneratedFile, C:\Users\danie\Documents\GitHub\Watermelon-Wine-Zero-1A\firmware\CA35\DeviceTree\firmware\tf-a\stm32mp257f-firmware-mx.dts_save
2025-12-07 10:37:45,521 [INFO] CodeEngine:289 - Generated code: C:\Users\danie\Documents\GitHub\Watermelon-Wine-Zero-1A\firmware\CA35\DeviceTree\firmware\tf-a\stm32mp257f-firmware-mx.dts
2025-12-07 10:37:45,527 [INFO] GenProcessManager:166 - 
2025-12-07 10:37:45,527 [INFO] GenProcessManager:167 - Launching process: fwconfig-dtsBind

2025-12-07 10:37:45,527 [INFO] GenerationProcess:393 - 

GenProcess for OUTPUT : processName=fwconfig-dtsBind - Output=tf-a
=======================

2025-12-07 10:37:45,528 [INFO] GenProcessDtsBind:272 -   >>> FW bind process - processName=fwconfig-dtsBind - FW=TF-A - matchingCtxt=CortexA35SFSBLA

2025-12-07 10:37:45,587 [INFO] CodeEngine:265 - oldGeneratedFile, C:\Users\danie\Documents\GitHub\Watermelon-Wine-Zero-1A\firmware\CA35\DeviceTree\firmware\tf-a\stm32mp257f-firmware-mx-fw-config.dts_save
2025-12-07 10:37:45,828 [INFO] CodeEngine:289 - Generated code: C:\Users\danie\Documents\GitHub\Watermelon-Wine-Zero-1A\firmware\CA35\DeviceTree\firmware\tf-a\stm32mp257f-firmware-mx-fw-config.dts
2025-12-07 10:37:45,833 [INFO] GenProcessManager:166 - 
2025-12-07 10:37:45,833 [INFO] GenProcessManager:167 - Launching process: rcc-dtsBind

2025-12-07 10:37:45,834 [INFO] GenerationProcess:393 - 

GenProcess for OUTPUT : processName=rcc-dtsBind - Output=tf-a
=======================

2025-12-07 10:37:45,834 [INFO] GenProcessDtsBind:272 -   >>> FW bind process - processName=rcc-dtsBind - FW=TF-A - matchingCtxt=CortexA35SFSBLA

2025-12-07 10:37:45,874 [INFO] CodeEngine:265 - oldGeneratedFile, C:\Users\danie\Documents\GitHub\Watermelon-Wine-Zero-1A\firmware\CA35\DeviceTree\firmware\tf-a\stm32mp257f-firmware-mx-rcc.dtsi_save
2025-12-07 10:37:46,909 [INFO] CodeEngine:289 - Generated code: C:\Users\danie\Documents\GitHub\Watermelon-Wine-Zero-1A\firmware\CA35\DeviceTree\firmware\tf-a\stm32mp257f-firmware-mx-rcc.dtsi
2025-12-07 10:37:46,915 [INFO] GenProcessManager:166 - 
2025-12-07 10:37:46,916 [INFO] GenProcessManager:167 - Launching process: rcc-optee-dtsBind

2025-12-07 10:37:46,916 [INFO] GenerationProcess:393 - 

GenProcess for OUTPUT : processName=rcc-optee-dtsBind - Output=optee-os
=======================

2025-12-07 10:37:46,916 [INFO] GenProcessDtsBind:272 -   >>> FW bind process - processName=rcc-optee-dtsBind - FW=OP-TEE - matchingCtxt=CortexA35SSecureOS

2025-12-07 10:37:46,983 [INFO] CodeEngine:265 - oldGeneratedFile, C:\Users\danie\Documents\GitHub\Watermelon-Wine-Zero-1A\firmware\CA35\DeviceTree\firmware\optee-os\stm32mp257f-firmware-mx-rcc.dtsi_save
2025-12-07 10:37:47,614 [INFO] CodeEngine:289 - Generated code: C:\Users\danie\Documents\GitHub\Watermelon-Wine-Zero-1A\firmware\CA35\DeviceTree\firmware\optee-os\stm32mp257f-firmware-mx-rcc.dtsi
2025-12-07 10:37:47,614 [INFO] GenProcessManager:166 - 
2025-12-07 10:37:47,614 [INFO] GenProcessManager:167 - Launching process: optee-dtsBind

2025-12-07 10:37:47,614 [INFO] GenerationProcess:393 - 

GenProcess for OUTPUT : processName=optee-dtsBind - Output=optee-os
=======================

2025-12-07 10:37:47,614 [INFO] GenProcessDtsBind:272 -   >>> FW bind process - processName=optee-dtsBind - FW=OP-TEE - matchingCtxt=CortexA35SSecureOS

2025-12-07 10:37:47,656 [INFO] CodeEngine:265 - oldGeneratedFile, C:\Users\danie\Documents\GitHub\Watermelon-Wine-Zero-1A\firmware\CA35\DeviceTree\firmware\optee-os\stm32mp257f-firmware-mx.dts_save
2025-12-07 10:37:47,839 [INFO] CodeEngine:289 - Generated code: C:\Users\danie\Documents\GitHub\Watermelon-Wine-Zero-1A\firmware\CA35\DeviceTree\firmware\optee-os\stm32mp257f-firmware-mx.dts
2025-12-07 10:37:47,858 [INFO] GenProcessManager:166 - 
2025-12-07 10:37:47,858 [INFO] GenProcessManager:167 - Launching process: optee-resmem-dtsBind

2025-12-07 10:37:47,858 [INFO] GenerationProcess:393 - 

GenProcess for OUTPUT : processName=optee-resmem-dtsBind - Output=optee-os
=======================

2025-12-07 10:37:47,859 [INFO] GenProcessDtsBind:272 -   >>> FW bind process - processName=optee-resmem-dtsBind - FW=OP-TEE - matchingCtxt=

2025-12-07 10:37:47,882 [INFO] CodeEngine:265 - oldGeneratedFile, C:\Users\danie\Documents\GitHub\Watermelon-Wine-Zero-1A\firmware\CA35\DeviceTree\firmware\optee-os\stm32mp257f-firmware-mx-resmem.dtsi_save
2025-12-07 10:37:48,251 [INFO] CodeEngine:289 - Generated code: C:\Users\danie\Documents\GitHub\Watermelon-Wine-Zero-1A\firmware\CA35\DeviceTree\firmware\optee-os\stm32mp257f-firmware-mx-resmem.dtsi
2025-12-07 10:37:48,256 [INFO] GenProcessManager:166 - 
2025-12-07 10:37:48,256 [INFO] GenProcessManager:167 - Launching process: rif-dtsBind

2025-12-07 10:37:48,256 [INFO] GenerationProcess:393 - 

GenProcess for OUTPUT : processName=rif-dtsBind - Output=optee-os
=======================

2025-12-07 10:37:48,257 [INFO] GenProcessDtsBind:272 -   >>> FW bind process - processName=rif-dtsBind - FW=OP-TEE - matchingCtxt=CortexA35SSecureOS

2025-12-07 10:37:48,307 [INFO] CodeEngine:265 - oldGeneratedFile, C:\Users\danie\Documents\GitHub\Watermelon-Wine-Zero-1A\firmware\CA35\DeviceTree\firmware\optee-os\stm32mp257f-firmware-mx-rif.dtsi_save
2025-12-07 10:37:49,085 [INFO] CodeEngine:289 - Generated code: C:\Users\danie\Documents\GitHub\Watermelon-Wine-Zero-1A\firmware\CA35\DeviceTree\firmware\optee-os\stm32mp257f-firmware-mx-rif.dtsi
2025-12-07 10:37:49,089 [INFO] DTGenerator:344 - 

>>> DTGen : OUT

2025-12-07 10:37:53,192 [INFO] ProjectBuilder:3606 - Time for Copy HAL[1] : 3528mS.
2025-12-07 10:37:53,349 [INFO] ProjectBuilder:5216 - Project Generator version: 4.7.0-B52
2025-12-07 10:37:54,009 [INFO] ConfigFileManager:1595 - The Die is : DIE505
