2025-12-06 01:27:27,996 [INFO] WebApp:194 - Connection lost
2025-12-06 01:27:39,158 [INFO] WebApp:191 - Connection restablished
2025-12-06 01:27:45,019 [INFO] WebApp:194 - Connection lost
2025-12-06 01:27:45,127 [INFO] WebApp:191 - Connection restablished
2025-12-06 01:28:05,014 [INFO] WebApp:194 - Connection lost
2025-12-06 01:28:06,861 [INFO] WebApp:191 - Connection restablished
2025-12-06 01:28:11,529 [INFO] WebApp:194 - Connection lost
2025-12-06 01:28:11,646 [INFO] WebApp:191 - Connection restablished
2025-12-06 01:28:30,024 [INFO] WebApp:194 - Connection lost
2025-12-06 01:28:30,154 [INFO] WebApp:191 - Connection restablished
2025-12-06 01:28:33,536 [INFO] WebApp:194 - Connection lost
2025-12-06 01:28:33,724 [INFO] WebApp:191 - Connection restablished
2025-12-06 01:28:50,530 [INFO] WebApp:194 - Connection lost
2025-12-06 01:28:50,724 [INFO] WebApp:191 - Connection restablished
2025-12-06 01:29:12,034 [INFO] WebApp:194 - Connection lost
2025-12-06 01:29:12,176 [INFO] WebApp:191 - Connection restablished
2025-12-06 01:29:16,021 [INFO] WebApp:194 - Connection lost
2025-12-06 01:29:16,129 [INFO] WebApp:191 - Connection restablished
2025-12-06 01:30:09,077 [INFO] WebApp:194 - Connection lost
2025-12-06 01:30:09,226 [INFO] WebApp:191 - Connection restablished
2025-12-06 01:30:30,031 [INFO] WebApp:194 - Connection lost
2025-12-06 01:30:30,140 [INFO] WebApp:191 - Connection restablished
2025-12-06 01:30:43,512 [INFO] WebApp:194 - Connection lost
2025-12-06 01:30:43,629 [INFO] WebApp:191 - Connection restablished
2025-12-06 01:31:01,006 [INFO] WebApp:194 - Connection lost
2025-12-06 01:31:01,134 [INFO] WebApp:191 - Connection restablished
2025-12-06 01:31:29,011 [INFO] WebApp:194 - Connection lost
2025-12-06 01:31:29,122 [INFO] WebApp:191 - Connection restablished
2025-12-06 01:32:59,551 [INFO] WebApp:194 - Connection lost
2025-12-06 01:33:00,672 [INFO] WebApp:191 - Connection restablished
2025-12-06 01:33:05,025 [INFO] WebApp:194 - Connection lost
2025-12-06 01:33:05,226 [INFO] WebApp:191 - Connection restablished
2025-12-06 01:33:21,026 [INFO] WebApp:194 - Connection lost
2025-12-06 01:33:21,142 [INFO] WebApp:191 - Connection restablished
2025-12-06 01:33:48,013 [INFO] WebApp:194 - Connection lost
2025-12-06 01:33:48,801 [INFO] WebApp:191 - Connection restablished
2025-12-06 01:33:53,520 [INFO] WebApp:194 - Connection lost
2025-12-06 01:33:53,634 [INFO] WebApp:191 - Connection restablished
2025-12-06 01:34:10,007 [INFO] WebApp:194 - Connection lost
2025-12-06 01:34:10,116 [INFO] WebApp:191 - Connection restablished
2025-12-06 11:06:46,154 [INFO] WebApp:194 - Connection lost
2025-12-06 11:06:53,255 [INFO] WebApp:191 - Connection restablished
2025-12-06 11:18:59,348 [INFO] WebApp:194 - Connection lost
2025-12-06 11:19:00,522 [INFO] WebApp:191 - Connection restablished
2025-12-06 11:19:03,845 [INFO] WebApp:194 - Connection lost
2025-12-06 11:19:03,946 [INFO] WebApp:191 - Connection restablished
2025-12-06 11:19:30,853 [INFO] WebApp:194 - Connection lost
2025-12-06 11:19:31,023 [INFO] WebApp:191 - Connection restablished
2025-12-06 11:19:35,355 [INFO] WebApp:194 - Connection lost
2025-12-06 11:19:35,488 [INFO] WebApp:191 - Connection restablished
2025-12-06 11:19:54,355 [INFO] WebApp:194 - Connection lost
2025-12-06 11:19:54,472 [INFO] WebApp:191 - Connection restablished
2025-12-06 11:20:08,859 [INFO] WebApp:194 - Connection lost
2025-12-06 11:20:08,975 [INFO] WebApp:191 - Connection restablished
2025-12-06 11:20:12,348 [INFO] WebApp:194 - Connection lost
2025-12-06 11:20:12,567 [INFO] WebApp:191 - Connection restablished
2025-12-06 11:20:25,360 [INFO] WebApp:194 - Connection lost
2025-12-06 11:20:26,038 [INFO] WebApp:191 - Connection restablished
2025-12-06 11:20:29,847 [INFO] WebApp:194 - Connection lost
2025-12-06 11:20:30,094 [INFO] WebApp:191 - Connection restablished
2025-12-06 11:20:43,852 [INFO] WebApp:194 - Connection lost
2025-12-06 11:20:44,068 [INFO] WebApp:191 - Connection restablished
2025-12-06 11:20:54,352 [INFO] WebApp:194 - Connection lost
2025-12-06 11:20:54,588 [INFO] WebApp:191 - Connection restablished
2025-12-06 11:21:10,854 [INFO] WebApp:194 - Connection lost
2025-12-06 11:21:11,085 [INFO] WebApp:191 - Connection restablished
2025-12-06 11:21:14,884 [INFO] WebApp:194 - Connection lost
2025-12-06 11:21:15,137 [INFO] WebApp:191 - Connection restablished
2025-12-06 11:21:37,370 [INFO] WebApp:194 - Connection lost
2025-12-06 11:21:37,622 [INFO] WebApp:191 - Connection restablished
2025-12-06 11:21:54,842 [INFO] WebApp:194 - Connection lost
2025-12-06 11:21:55,068 [INFO] WebApp:191 - Connection restablished
2025-12-06 12:54:59,914 [INFO] WebApp:194 - Connection lost
2025-12-06 12:55:01,727 [INFO] WebApp:191 - Connection restablished
2025-12-06 12:58:02,373 [INFO] WebApp:194 - Connection lost
2025-12-06 12:58:02,648 [INFO] WebApp:191 - Connection restablished
2025-12-06 14:11:00,921 [INFO] WebApp:194 - Connection lost
2025-12-06 14:11:01,317 [INFO] WebApp:191 - Connection restablished
2025-12-06 14:12:02,365 [INFO] WebApp:194 - Connection lost
2025-12-06 14:12:02,527 [INFO] WebApp:191 - Connection restablished
2025-12-06 14:12:20,362 [INFO] WebApp:194 - Connection lost
2025-12-06 14:12:20,482 [INFO] WebApp:191 - Connection restablished
2025-12-06 14:13:06,356 [INFO] WebApp:194 - Connection lost
2025-12-06 14:13:06,597 [INFO] WebApp:191 - Connection restablished
2025-12-06 14:13:21,367 [INFO] WebApp:194 - Connection lost
2025-12-06 14:13:21,485 [INFO] WebApp:191 - Connection restablished
2025-12-06 14:13:51,850 [INFO] WebApp:194 - Connection lost
2025-12-06 14:13:52,000 [INFO] WebApp:191 - Connection restablished
2025-12-06 14:14:08,851 [INFO] WebApp:194 - Connection lost
2025-12-06 14:14:08,980 [INFO] WebApp:191 - Connection restablished
2025-12-06 14:15:17,869 [INFO] WebApp:194 - Connection lost
2025-12-06 14:15:18,051 [INFO] WebApp:191 - Connection restablished
2025-12-06 14:15:41,362 [INFO] WebApp:194 - Connection lost
2025-12-06 14:15:41,472 [INFO] WebApp:191 - Connection restablished
2025-12-06 14:16:02,865 [INFO] WebApp:194 - Connection lost
2025-12-06 14:16:02,970 [INFO] WebApp:191 - Connection restablished
2025-12-06 14:16:32,863 [INFO] WebApp:194 - Connection lost
2025-12-06 14:16:33,035 [INFO] WebApp:191 - Connection restablished
2025-12-06 14:16:54,870 [INFO] WebApp:194 - Connection lost
2025-12-06 14:16:54,998 [INFO] WebApp:191 - Connection restablished
2025-12-06 14:17:16,863 [INFO] WebApp:194 - Connection lost
2025-12-06 14:17:17,008 [INFO] WebApp:191 - Connection restablished
2025-12-06 14:17:21,382 [INFO] WebApp:194 - Connection lost
2025-12-06 14:17:21,487 [INFO] WebApp:191 - Connection restablished
2025-12-06 14:17:47,848 [INFO] WebApp:194 - Connection lost
2025-12-06 14:17:47,972 [INFO] WebApp:191 - Connection restablished
2025-12-06 14:17:58,851 [INFO] WebApp:194 - Connection lost
2025-12-06 14:17:59,001 [INFO] WebApp:191 - Connection restablished
2025-12-06 14:18:10,855 [INFO] WebApp:194 - Connection lost
2025-12-06 14:18:10,981 [INFO] WebApp:191 - Connection restablished
2025-12-06 14:18:23,850 [INFO] WebApp:194 - Connection lost
2025-12-06 14:18:24,090 [INFO] WebApp:191 - Connection restablished
2025-12-06 14:18:28,351 [INFO] WebApp:194 - Connection lost
2025-12-06 14:18:28,599 [INFO] WebApp:191 - Connection restablished
2025-12-06 14:18:38,874 [INFO] WebApp:194 - Connection lost
2025-12-06 14:18:39,100 [INFO] WebApp:191 - Connection restablished
2025-12-06 14:18:53,857 [INFO] WebApp:194 - Connection lost
2025-12-06 14:18:54,086 [INFO] WebApp:191 - Connection restablished
2025-12-06 14:19:07,857 [INFO] WebApp:194 - Connection lost
2025-12-06 14:19:08,093 [INFO] WebApp:191 - Connection restablished
2025-12-06 14:19:22,365 [INFO] WebApp:194 - Connection lost
2025-12-06 14:19:22,609 [INFO] WebApp:191 - Connection restablished
2025-12-06 14:19:35,346 [INFO] WebApp:194 - Connection lost
2025-12-06 14:19:35,567 [INFO] WebApp:191 - Connection restablished
2025-12-06 14:19:47,347 [INFO] WebApp:194 - Connection lost
2025-12-06 14:19:47,594 [INFO] WebApp:191 - Connection restablished
2025-12-06 14:20:19,351 [INFO] WebApp:194 - Connection lost
2025-12-06 14:20:19,496 [INFO] WebApp:191 - Connection restablished
2025-12-06 14:20:41,363 [INFO] WebApp:194 - Connection lost
2025-12-06 14:20:41,481 [INFO] WebApp:191 - Connection restablished
2025-12-06 14:20:46,359 [INFO] WebApp:194 - Connection lost
2025-12-06 14:20:46,474 [INFO] WebApp:191 - Connection restablished
2025-12-06 16:26:15,319 [INFO] WebApp:194 - Connection lost
2025-12-06 16:26:16,543 [INFO] WebApp:191 - Connection restablished
2025-12-06 18:44:20,028 [INFO] WebApp:194 - Connection lost
2025-12-06 18:44:25,761 [INFO] WebApp:191 - Connection restablished
2025-12-06 18:47:24,884 [INFO] WebApp:194 - Connection lost
2025-12-06 18:47:25,006 [INFO] WebApp:191 - Connection restablished
2025-12-06 21:26:28,565 [INFO] WebApp:194 - Connection lost
2025-12-06 21:26:30,047 [INFO] WebApp:191 - Connection restablished
2025-12-06 21:29:15,868 [INFO] WebApp:194 - Connection lost
2025-12-06 21:29:16,163 [INFO] WebApp:191 - Connection restablished
2025-12-06 21:31:18,817 [INFO] WebApp:194 - Connection lost
2025-12-06 21:31:18,990 [INFO] WebApp:191 - Connection restablished
2025-12-06 21:34:21,838 [INFO] WebApp:194 - Connection lost
2025-12-06 21:34:22,051 [INFO] WebApp:191 - Connection restablished
2025-12-06 22:44:58,133 [INFO] McuFinderGlobals:63 - Set McuFinder mode to 2 (CubeIDE integrated)
2025-12-06 22:45:10,385 [INFO] MainUpdater:2872 - connection check result : 10
2025-12-06 22:45:10,493 [INFO] MainUpdater:2872 - connection check result : 10
2025-12-06 22:45:22,263 [INFO] MicroXplorer:468 - Change Database Path : 
2025-12-06 22:45:22,340 [INFO] MicroXplorer:498 - Change Database Version : DB.6.0.150
2025-12-06 22:45:24,990 [WARN] ThirdParty:871 - waiting for thirdparty lock release [close project]
2025-12-06 22:45:25,012 [INFO] ThirdParty:873 - entering critical section [close project]
2025-12-06 22:45:27,148 [INFO] ThirdParty:883 - exiting critical section [close project]
2025-12-06 22:45:28,414 [INFO] PinOutPanel:1589 - setPackage(No Configuration,No Configuration)
2025-12-06 22:45:30,145 [INFO] UtilMem:75 - Begin LoadConfig() Used Memory: 157700840 Bytes (524288000)
2025-12-06 22:45:31,011 [INFO] MicroXplorer:468 - Change Database Path : 
2025-12-06 22:45:31,011 [INFO] MicroXplorer:498 - Change Database Version : DB.6.0.150
2025-12-06 22:45:31,104 [INFO] OpenFileManager:355 - Change cursor
2025-12-06 22:45:33,982 [WARN] IntegrityCheckThread:84 - waiting for thirdparty lock release [integrity check]
2025-12-06 22:45:33,982 [INFO] IntegrityCheckThread:86 - entering critical section [integrity check]
2025-12-06 22:45:46,552 [WARN] PackLoader:240 - Cannot read IP mode file for STMicroelectronics.FP-SNS-MOTENVWB1.1.4.0
2025-12-06 22:45:47,030 [WARN] PackLoader:240 - Cannot read IP mode file for STMicroelectronics.FP-ATR-ASTRA1.2.0.2
2025-12-06 22:45:47,151 [WARN] PackLoader:240 - Cannot read IP mode file for STMicroelectronics.FP-ATR-ASTRA1.2.0.1
2025-12-06 22:45:47,430 [WARN] PackLoader:240 - Cannot read IP mode file for STMicroelectronics.X-CUBE-SMBUS.2.1.0
2025-12-06 22:45:47,545 [WARN] PackLoader:240 - Cannot read IP mode file for STMicroelectronics.X-CUBE-WB05N.1.1.0
2025-12-06 22:45:47,691 [WARN] PackLoader:240 - Cannot read IP mode file for STMicroelectronics.X-CUBE-ST60.1.0.0
2025-12-06 22:45:47,929 [WARN] PackLoader:240 - Cannot read IP mode file for STMicroelectronics.X-CUBE-AZRTOS-F7.1.1.0
2025-12-06 22:45:48,441 [WARN] PackLoader:240 - Cannot read IP mode file for STMicroelectronics.X-CUBE-MEMS1.11.0.0
2025-12-06 22:45:49,970 [WARN] PackLoader:240 - Cannot read IP mode file for STMicroelectronics.FP-SNS-MOTENV1.5.1.0
2025-12-06 22:45:50,105 [WARN] PackLoader:240 - Cannot read IP mode file for STMicroelectronics.FP-SNS-FLIGHT1.5.0.2
2025-12-06 22:45:50,360 [WARN] PackLoader:240 - Cannot read IP mode file for STMicroelectronics.X-CUBE-AZRTOS-H7.3.4.0
2025-12-06 22:45:50,657 [WARN] PackLoader:240 - Cannot read IP mode file for STMicroelectronics.X-CUBE-DISPLAY.3.0.0
2025-12-06 22:45:50,733 [WARN] PackLoader:240 - Cannot read IP mode file for STMicroelectronics.X-CUBE-BLE1.7.0.0
2025-12-06 22:45:50,860 [WARN] PackLoader:240 - Cannot read IP mode file for STMicroelectronics.X-CUBE-NFC10.1.0.0
2025-12-06 22:45:50,961 [WARN] PackLoader:240 - Cannot read IP mode file for STMicroelectronics.X-CUBE-BLEMGR.4.0.0
2025-12-06 22:45:51,081 [WARN] PackLoader:240 - Cannot read IP mode file for STMicroelectronics.X-CUBE-ST60.1.1.0
2025-12-06 22:45:51,109 [WARN] PackLoader:240 - Cannot read IP mode file for emotas.I-CUBE-CANOPEN.1.3.0
2025-12-06 22:45:51,222 [WARN] PackLoader:240 - Cannot read IP mode file for STMicroelectronics.X-CUBE-GNSS1.7.1.0
2025-12-06 22:45:51,344 [WARN] PackLoader:240 - Cannot read IP mode file for STMicroelectronics.X-CUBE-BLEMGR.3.1.0
2025-12-06 22:45:51,401 [WARN] PackLoader:240 - Cannot read IP mode file for STMicroelectronics.X-CUBE-AI.10.0.0
2025-12-06 22:45:51,465 [WARN] PackLoader:240 - Cannot read IP mode file for STMicroelectronics.FP-SNS-STBOX1.2.1.0
2025-12-06 22:45:51,508 [WARN] PackLoader:240 - Cannot read IP mode file for STMicroelectronics.FP-SNS-SMARTAG2.1.2.0
2025-12-06 22:45:51,563 [WARN] PackLoader:240 - Cannot read IP mode file for STMicroelectronics.FP-SNS-FLIGHT1.5.1.0
2025-12-06 22:45:51,689 [WARN] PackLoader:240 - Cannot read IP mode file for STMicroelectronics.X-CUBE-MEMS1.11.1.0
